2026-05-21 18:11:32,102 - __main__ - INFO - New database connection created for thread 139682590518208
2026-05-21 18:11:32,105 - __main__ - INFO - ✅ Database initialized with all tables
2026-05-21 18:11:32,135 - __main__ - WARNING - ⚠️ bin-list-data.csv not found!
2026-05-21 18:11:58,637 - __main__ - INFO - New database connection created for thread 139682276935360
2026-05-21 18:12:01,895 - __main__ - ERROR - Public channel check error for @dlxdropp: A request to the Telegram API was unsuccessful. Error code: 400. Description: Bad Request: member list is inaccessible
2026-05-21 18:16:35,260 - __main__ - INFO - New database connection created for thread 140138028493760
2026-05-21 18:16:35,260 - __main__ - INFO - ✅ Database initialized with all tables
2026-05-21 18:16:35,281 - __main__ - WARNING - ⚠️ bin-list-data.csv not found!
2026-05-21 18:16:43,703 - __main__ - INFO - New database connection created for thread 140137926137536
2026-05-21 18:16:44,935 - __main__ - ERROR - Public channel check error for None: A request to the Telegram API was unsuccessful. Error code: 400. Description: Bad Request: chat not found
2026-05-21 18:17:52,426 - __main__ - INFO - New database connection created for thread 139914559790016
2026-05-21 18:17:52,427 - __main__ - INFO - ✅ Database initialized with all tables
2026-05-21 18:17:52,446 - __main__ - WARNING - ⚠️ bin-list-data.csv not found!
2026-05-21 18:17:59,276 - __main__ - INFO - New database connection created for thread 139914481944256
2026-05-21 18:18:02,967 - __main__ - INFO - New user created: 6127646960
2026-05-21 18:18:03,989 - __main__ - ERROR - Log channel error: A request to the Telegram API was unsuccessful. Error code: 400. Description: Bad Request: chat not found
2026-05-21 18:19:45,582 - __main__ - INFO - New database connection created for thread 140279238597568
2026-05-21 18:19:45,585 - __main__ - INFO - ✅ Database initialized with all tables
2026-05-21 18:19:45,604 - __main__ - WARNING - ⚠️ bin-list-data.csv not found!
2026-05-21 18:20:09,733 - __main__ - INFO - New database connection created for thread 140279159899840
2026-05-21 18:22:41,664 - __main__ - INFO - New database connection created for thread 140314017246144
2026-05-21 18:22:41,664 - __main__ - INFO - ✅ Database initialized with all tables
2026-05-21 18:22:41,687 - __main__ - WARNING - ⚠️ bin-list-data.csv not found!
2026-05-21 18:22:58,699 - __main__ - INFO - New database connection created for thread 140313923331776
2026-05-21 18:22:59,308 - __main__ - ERROR - Log channel error: A request to the Telegram API was unsuccessful. Error code: 400. Description: Bad Request: chat not found
